This is pdfTeX, Version 3.141592653-2.6-1.40.26 (TeX Live 2024) (preloaded format=pdflatex 2024.5.29)  9 JUN 2024 15:59
entering extended mode
 restricted \write18 enabled.
 file:line:error style messages enabled.
 %&-line parsing enabled.
**"/Users/Federico/Documents/Corsi di studio/Università/Numerical Relativity/numerical_relativity_bicocca_2024_exercises/Homework_1/Report/Report_1.tex"
(/Users/Federico/Documents/Corsi di studio/Università/Numerical Relativity/numerical_relativity_bicocca_2024_exercises/Homework_1/Report/Report_1.tex
LaTeX2e <2023-11-01> patch level 1
L3 programming layer <2024-05-08>
(/usr/local/texlive/2024/texmf-dist/tex/latex/base/article.cls
Document Class: article 2023/05/17 v1.4n Standard LaTeX document class
(/usr/local/texlive/2024/texmf-dist/tex/latex/base/size11.clo
File: size11.clo 2023/05/17 v1.4n Standard LaTeX file (size option)
)
\c@part=\count189
\c@section=\count190
\c@subsection=\count191
\c@subsubsection=\count192
\c@paragraph=\count193
\c@subparagraph=\count194
\c@figure=\count195
\c@table=\count196
\abovecaptionskip=\skip48
\belowcaptionskip=\skip49
\bibindent=\dimen140
) (/usr/local/texlive/2024/texmf-dist/tex/latex/graphics/graphicx.sty
Package: graphicx 2021/09/16 v1.2d Enhanced LaTeX Graphics (DPC,SPQR)
 (/usr/local/texlive/2024/texmf-dist/tex/latex/graphics/keyval.sty
Package: keyval 2022/05/29 v1.15 key=value parser (DPC)
\KV@toks@=\toks17
) (/usr/local/texlive/2024/texmf-dist/tex/latex/graphics/graphics.sty
Package: graphics 2022/03/10 v1.4e Standard LaTeX Graphics (DPC,SPQR)
 (/usr/local/texlive/2024/texmf-dist/tex/latex/graphics/trig.sty
Package: trig 2021/08/11 v1.11 sin cos tan (DPC)
) (/usr/local/texlive/2024/texmf-dist/tex/latex/graphics-cfg/graphics.cfg
File: graphics.cfg 2016/06/04 v1.11 sample graphics configuration
)
Package graphics Info: Driver file: pdftex.def on input line 107.
 (/usr/local/texlive/2024/texmf-dist/tex/latex/graphics-def/pdftex.def
File: pdftex.def 2024/04/13 v1.2c Graphics/color driver for pdftex
))
\Gin@req@height=\dimen141
\Gin@req@width=\dimen142
) (/usr/local/texlive/2024/texmf-dist/tex/latex/caption/caption.sty
Package: caption 2023/08/05 v3.6o Customizing captions (AR)
 (/usr/local/texlive/2024/texmf-dist/tex/latex/caption/caption3.sty
Package: caption3 2023/07/31 v2.4d caption3 kernel (AR)
\caption@tempdima=\dimen143
\captionmargin=\dimen144
\caption@leftmargin=\dimen145
\caption@rightmargin=\dimen146
\caption@width=\dimen147
\caption@indent=\dimen148
\caption@parindent=\dimen149
\caption@hangindent=\dimen150
Package caption Info: Standard document class detected.
)
\c@caption@flags=\count197
\c@continuedfloat=\count198
) (/usr/local/texlive/2024/texmf-dist/tex/latex/bbm-macros/bbm.sty
Package: bbm 1999/03/15 V 1.2 provides fonts for set symbols - TH
LaTeX Font Info:    Overwriting math alphabet `\mathbbm' in version `bold'
(Font)                  U/bbm/m/n --> U/bbm/bx/n on input line 33.
LaTeX Font Info:    Overwriting math alphabet `\mathbbmss' in version `bold'
(Font)                  U/bbmss/m/n --> U/bbmss/bx/n on input line 35.
) (/usr/local/texlive/2024/texmf-dist/tex/latex/glossaries/base/glossaries.sty
Package: glossaries 2024/04/03 v4.54 (NLCT)
 (/usr/local/texlive/2024/texmf-dist/tex/latex/base/ifthen.sty
Package: ifthen 2022/04/13 v1.1d Standard LaTeX ifthen package (DPC)
) (/usr/local/texlive/2024/texmf-dist/tex/latex/xkeyval/xkeyval.sty
Package: xkeyval 2022/06/16 v2.9 package option processing (HA)
 (/usr/local/texlive/2024/texmf-dist/tex/generic/xkeyval/xkeyval.tex (/usr/local/texlive/2024/texmf-dist/tex/generic/xkeyval/xkvutils.tex
\XKV@toks=\toks18
\XKV@tempa@toks=\toks19
)
\XKV@depth=\count199
File: xkeyval.tex 2014/12/03 v2.7a key=value parser (HA)
)) (/usr/local/texlive/2024/texmf-dist/tex/latex/mfirstuc/mfirstuc.sty
Package: mfirstuc 2022/10/14 v2.08 (NLCT)
 (/usr/local/texlive/2024/texmf-dist/tex/latex/etoolbox/etoolbox.sty
Package: etoolbox 2020/10/05 v2.5k e-TeX tools for LaTeX (JAW)
\etb@tempcnta=\count266
)
\@glsmfirst=\toks20
\@glsmrest=\toks21
) (/usr/local/texlive/2024/texmf-dist/tex/latex/xfor/xfor.sty
Package: xfor 2009/02/05 v1.05 (NLCT)
) (/usr/local/texlive/2024/texmf-dist/tex/latex/datatool/datatool-base.sty
Package: datatool-base 2019/09/27 v2.32 (NLCT)
 (/usr/local/texlive/2024/texmf-dist/tex/latex/amsmath/amsmath.sty
Package: amsmath 2023/05/13 v2.17o AMS math features
\@mathmargin=\skip50

For additional information on amsmath, use the `?' option.
(/usr/local/texlive/2024/texmf-dist/tex/latex/amsmath/amstext.sty
Package: amstext 2021/08/26 v2.01 AMS text
 (/usr/local/texlive/2024/texmf-dist/tex/latex/amsmath/amsgen.sty
File: amsgen.sty 1999/11/30 v2.0 generic functions
\@emptytoks=\toks22
\ex@=\dimen151
)) (/usr/local/texlive/2024/texmf-dist/tex/latex/amsmath/amsbsy.sty
Package: amsbsy 1999/11/29 v1.2d Bold Symbols
\pmbraise@=\dimen152
) (/usr/local/texlive/2024/texmf-dist/tex/latex/amsmath/amsopn.sty
Package: amsopn 2022/04/08 v2.04 operator names
)
\inf@bad=\count267
LaTeX Info: Redefining \frac on input line 234.
\uproot@=\count268
\leftroot@=\count269
LaTeX Info: Redefining \overline on input line 399.
LaTeX Info: Redefining \colon on input line 410.
\classnum@=\count270
\DOTSCASE@=\count271
LaTeX Info: Redefining \ldots on input line 496.
LaTeX Info: Redefining \dots on input line 499.
LaTeX Info: Redefining \cdots on input line 620.
\Mathstrutbox@=\box51
\strutbox@=\box52
LaTeX Info: Redefining \big on input line 722.
LaTeX Info: Redefining \Big on input line 723.
LaTeX Info: Redefining \bigg on input line 724.
LaTeX Info: Redefining \Bigg on input line 725.
\big@size=\dimen153
LaTeX Font Info:    Redeclaring font encoding OML on input line 743.
LaTeX Font Info:    Redeclaring font encoding OMS on input line 744.
\macc@depth=\count272
LaTeX Info: Redefining \bmod on input line 905.
LaTeX Info: Redefining \pmod on input line 910.
LaTeX Info: Redefining \smash on input line 940.
LaTeX Info: Redefining \relbar on input line 970.
LaTeX Info: Redefining \Relbar on input line 971.
\c@MaxMatrixCols=\count273
\dotsspace@=\muskip16
\c@parentequation=\count274
\dspbrk@lvl=\count275
\tag@help=\toks23
\row@=\count276
\column@=\count277
\maxfields@=\count278
\andhelp@=\toks24
\eqnshift@=\dimen154
\alignsep@=\dimen155
\tagshift@=\dimen156
\tagwidth@=\dimen157
\totwidth@=\dimen158
\lineht@=\dimen159
\@envbody=\toks25
\multlinegap=\skip51
\multlinetaggap=\skip52
\mathdisplay@stack=\toks26
LaTeX Info: Redefining \[ on input line 2953.
LaTeX Info: Redefining \] on input line 2954.
) (/usr/local/texlive/2024/texmf-dist/tex/latex/substr/substr.sty
Package: substr 2009/10/20 v1.2 Handle substrings
\c@su@anzahl=\count279
) (/usr/local/texlive/2024/texmf-dist/tex/latex/datatool/datatool-fp.sty
Package: datatool-fp 2019/09/27 v2.32 (NLCT)
 (/usr/local/texlive/2024/texmf-dist/tex/latex/fp/fp.sty
Package: fp 1995/04/02
 `Fixed Point Package', Version 0.8, April 2, 1995 (C) Michael Mehlich (/usr/local/texlive/2024/texmf-dist/tex/latex/fp/defpattern.sty
Package: defpattern 1994/10/12
\actioncount=\count280
) (/usr/local/texlive/2024/texmf-dist/tex/latex/fp/fp-basic.sty
Package: fp-basic 1996/05/13
\FP@xs=\count281
\FP@xia=\count282
\FP@xib=\count283
\FP@xfa=\count284
\FP@xfb=\count285
\FP@rega=\count286
\FP@regb=\count287
\FP@regs=\count288
\FP@times=\count289
) (/usr/local/texlive/2024/texmf-dist/tex/latex/fp/fp-addons.sty
Package: fp-addons 1995/03/15
) (/usr/local/texlive/2024/texmf-dist/tex/latex/fp/fp-snap.sty
Package: fp-snap 1995/04/05
) (/usr/local/texlive/2024/texmf-dist/tex/latex/fp/fp-exp.sty
Package: fp-exp 1995/04/03
) (/usr/local/texlive/2024/texmf-dist/tex/latex/fp/fp-trigo.sty
Package: fp-trigo 1995/04/14
) (/usr/local/texlive/2024/texmf-dist/tex/latex/fp/fp-pas.sty
Package: fp-pas 1994/08/29
) (/usr/local/texlive/2024/texmf-dist/tex/latex/fp/fp-random.sty
Package: fp-random 1995/02/23
\FPseed=\count290
) (/usr/local/texlive/2024/texmf-dist/tex/latex/fp/fp-eqn.sty
Package: fp-eqn 1995/04/03
) (/usr/local/texlive/2024/texmf-dist/tex/latex/fp/fp-upn.sty
Package: fp-upn 1996/10/21
) (/usr/local/texlive/2024/texmf-dist/tex/latex/fp/fp-eval.sty
Package: fp-eval 1995/04/03
)))
\@dtl@toks=\toks27
\@dtl@tmpcount=\count291
\dtl@tmplength=\skip53
\dtl@sortresult=\count292
\@dtl@numgrpsepcount=\count293
\@dtl@datatype=\count294
\dtl@codeA=\count295
\dtl@codeB=\count296
\@dtl@foreach@level=\count297
)
\gls@level=\count298
\@gls@tmpb=\toks28
\gls@tmplen=\skip54
\glskeylisttok=\toks29
\glslabeltok=\toks30
\glsshorttok=\toks31
\glslongtok=\toks32
 (/usr/local/texlive/2024/texmf-dist/tex/latex/glossaries/styles/glossary-hypernav.sty
Package: glossary-hypernav 2024/04/03 v4.54 (NLCT)
) (/usr/local/texlive/2024/texmf-dist/tex/latex/glossaries/styles/glossary-list.sty
Package: glossary-list 2024/04/03 v4.54 (NLCT)
\glslistdottedwidth=\skip55
) (/usr/local/texlive/2024/texmf-dist/tex/latex/glossaries/styles/glossary-long.sty
Package: glossary-long 2024/04/03 v4.54 (NLCT)
 (/usr/local/texlive/2024/texmf-dist/tex/latex/tools/longtable.sty
Package: longtable 2023-11-01 v4.19 Multi-page Table package (DPC)
\LTleft=\skip56
\LTright=\skip57
\LTpre=\skip58
\LTpost=\skip59
\LTchunksize=\count299
\LTcapwidth=\dimen160
\LT@head=\box53
\LT@firsthead=\box54
\LT@foot=\box55
\LT@lastfoot=\box56
\LT@gbox=\box57
\LT@cols=\count300
\LT@rows=\count301
\c@LT@tables=\count302
\c@LT@chunks=\count303
\LT@p@ftn=\toks33
)
\glsdescwidth=\skip60
\glspagelistwidth=\skip61
) (/usr/local/texlive/2024/texmf-dist/tex/latex/glossaries/styles/glossary-super.sty
Package: glossary-super 2024/04/03 v4.54 (NLCT)
 (/usr/local/texlive/2024/texmf-dist/tex/latex/supertabular/supertabular.sty
Package: supertabular 2020/02/02 v4.1g the supertabular environment
\c@tracingst=\count304
\ST@wd=\dimen161
\ST@rightskip=\skip62
\ST@leftskip=\skip63
\ST@parfillskip=\skip64
\ST@pageleft=\dimen162
\ST@headht=\dimen163
\ST@tailht=\dimen164
\ST@pagesofar=\dimen165
\ST@pboxht=\dimen166
\ST@lineht=\dimen167
\ST@prevht=\dimen168
\ST@toadd=\dimen169
\ST@dimen=\dimen170
\ST@pbox=\box58
)) (/usr/local/texlive/2024/texmf-dist/tex/latex/glossaries/styles/glossary-tree.sty
Package: glossary-tree 2024/04/03 v4.54 (NLCT)
\glstreeindent=\skip65
)) (/usr/local/texlive/2024/texmf-dist/tex/latex/physics/physics.sty
Package: physics 
 (/usr/local/texlive/2024/texmf-dist/tex/latex/l3packages/xparse/xparse.sty (/usr/local/texlive/2024/texmf-dist/tex/latex/l3kernel/expl3.sty
Package: expl3 2024-05-08 L3 programming layer (loader) 
 (/usr/local/texlive/2024/texmf-dist/tex/latex/l3backend/l3backend-pdftex.def
File: l3backend-pdftex.def 2024-05-08 L3 backend support: PDF output (pdfTeX)
\l__color_backend_stack_int=\count305
\l__pdf_internal_box=\box59
))
Package: xparse 2024-05-08 L3 Experimental document command parser
)) (/usr/local/texlive/2024/texmf-dist/tex/latex/showlabels/showlabels.sty
Package: showlabels 2022/07/18 v1.9.2

Package: `showlabels' v1.9.2 <2022/07/18>
with amsmath equation tags
\SL@labelposition=\count306
) (/Users/Federico/Documents/Corsi di studio/Università/Numerical Relativity/numerical_relativity_bicocca_2024_exercises/Homework_1/Report/Report_1.aux)
\openout1 = `Report_1.aux'.

LaTeX Font Info:    Checking defaults for OML/cmm/m/it on input line 29.
LaTeX Font Info:    ... okay on input line 29.
LaTeX Font Info:    Checking defaults for OMS/cmsy/m/n on input line 29.
LaTeX Font Info:    ... okay on input line 29.
LaTeX Font Info:    Checking defaults for OT1/cmr/m/n on input line 29.
LaTeX Font Info:    ... okay on input line 29.
LaTeX Font Info:    Checking defaults for T1/cmr/m/n on input line 29.
LaTeX Font Info:    ... okay on input line 29.
LaTeX Font Info:    Checking defaults for TS1/cmr/m/n on input line 29.
LaTeX Font Info:    ... okay on input line 29.
LaTeX Font Info:    Checking defaults for OMX/cmex/m/n on input line 29.
LaTeX Font Info:    ... okay on input line 29.
LaTeX Font Info:    Checking defaults for U/cmr/m/n on input line 29.
LaTeX Font Info:    ... okay on input line 29.
 (/usr/local/texlive/2024/texmf-dist/tex/context/base/mkii/supp-pdf.mkii
[Loading MPS to PDF converter (version 2006.09.02).]
\scratchcounter=\count307
\scratchdimen=\dimen171
\scratchbox=\box60
\nofMPsegments=\count308
\nofMParguments=\count309
\everyMPshowfont=\toks34
\MPscratchCnt=\count310
\MPscratchDim=\dimen172
\MPnumerator=\count311
\makeMPintoPDFobject=\count312
\everyMPtoPDFconversion=\toks35
) (/usr/local/texlive/2024/texmf-dist/tex/latex/epstopdf-pkg/epstopdf-base.sty
Package: epstopdf-base 2020-01-24 v2.11 Base part for package epstopdf
Package epstopdf-base Info: Redefining graphics rule for `.eps' on input line 485.
 (/usr/local/texlive/2024/texmf-dist/tex/latex/latexconfig/epstopdf-sys.cfg
File: epstopdf-sys.cfg 2010/07/13 v1.3 Configuration of (r)epstopdf for TeX Live
))
Package caption Info: Begin \AtBeginDocument code.
Package caption Info: longtable package is loaded.
 (/usr/local/texlive/2024/texmf-dist/tex/latex/caption/ltcaption.sty
Package: ltcaption 2021/01/08 v1.4c longtable captions (AR)
)
Package caption Info: supertabular package is loaded.
Package caption Info: End \AtBeginDocument code.
LaTeX Font Info:    Trying to load font information for U+bbm on input line 35.
 (/usr/local/texlive/2024/texmf-dist/tex/latex/bbm-macros/ubbm.fd
File: ubbm.fd 1999/03/15 V 1.2 Font definition for bbm font - TH
)
LaTeX Font Info:    Trying to load font information for OMS+cmtt on input line 39.
LaTeX Font Info:    No file OMScmtt.fd. on input line 39.


LaTeX Font Warning: Font shape `OMS/cmtt/m/n' undefined
(Font)              using `OMS/cmsy/m/n' instead
(Font)              for symbol `textbraceleft' on input line 39.

[1

{/usr/local/texlive/2024/texmf-var/fonts/map/pdftex/updmap/pdftex.map}]
<images/IF_Cf-0.25_N-101.png, id=19, 462.528pt x 346.896pt>
File: images/IF_Cf-0.25_N-101.png Graphic file (type png)
<use images/IF_Cf-0.25_N-101.png>
Package pdftex.def Info: images/IF_Cf-0.25_N-101.png  used on input line 71.
(pdftex.def)             Requested size: 323.9978pt x 243.01079pt.
<images/L2_GAUS_FTCS.png, id=21, 722.7pt x 578.16pt>
File: images/L2_GAUS_FTCS.png Graphic file (type png)
<use images/L2_GAUS_FTCS.png>
Package pdftex.def Info: images/L2_GAUS_FTCS.png  used on input line 78.
(pdftex.def)             Requested size: 323.9978pt x 259.19917pt.
 [2 </Users/Federico/Documents/Corsi di studio/Università/Numerical Relativity/numerical_relativity_bicocca_2024_exercises/Homework_1/Report/images/IF_Cf-0.25_N-101.png>]
<images/IF_GAUS_LAX-F.png, id=28, 722.7pt x 578.16pt>
File: images/IF_GAUS_LAX-F.png Graphic file (type png)
<use images/IF_GAUS_LAX-F.png>
Package pdftex.def Info: images/IF_GAUS_LAX-F.png  used on input line 95.
(pdftex.def)             Requested size: 323.9978pt x 259.19917pt.
 [3 </Users/Federico/Documents/Corsi di studio/Università/Numerical Relativity/numerical_relativity_bicocca_2024_exercises/Homework_1/Report/images/L2_GAUS_FTCS.png>]
<images/L2_GAUS_LAX-F.png, id=33, 722.7pt x 578.16pt>
File: images/L2_GAUS_LAX-F.png Graphic file (type png)
<use images/L2_GAUS_LAX-F.png>
Package pdftex.def Info: images/L2_GAUS_LAX-F.png  used on input line 102.
(pdftex.def)             Requested size: 323.9978pt x 259.19917pt.
 [4 </Users/Federico/Documents/Corsi di studio/Università/Numerical Relativity/numerical_relativity_bicocca_2024_exercises/Homework_1/Report/images/IF_GAUS_LAX-F.png> </Users/Federico/Documents/Corsi di studio/Università/Numerical Relativity/numerical_relativity_bicocca_2024_exercises/Homework_1/Report/images/L2_GAUS_LAX-F.png>]
<images/L2_GAUS_LEAPFROG.png, id=39, 722.7pt x 578.16pt>
File: images/L2_GAUS_LEAPFROG.png Graphic file (type png)
<use images/L2_GAUS_LEAPFROG.png>
Package pdftex.def Info: images/L2_GAUS_LEAPFROG.png  used on input line 117.
(pdftex.def)             Requested size: 323.9978pt x 259.19917pt.
 [5 </Users/Federico/Documents/Corsi di studio/Università/Numerical Relativity/numerical_relativity_bicocca_2024_exercises/Homework_1/Report/images/L2_GAUS_LEAPFROG.png>]
<images/IF_GAUS_LAX-W.png, id=44, 722.7pt x 578.16pt>
File: images/IF_GAUS_LAX-W.png Graphic file (type png)
<use images/IF_GAUS_LAX-W.png>
Package pdftex.def Info: images/IF_GAUS_LAX-W.png  used on input line 134.
(pdftex.def)             Requested size: 323.9978pt x 259.19917pt.
<images/L2_GAUS_LAX-W.png, id=45, 722.7pt x 578.16pt>
File: images/L2_GAUS_LAX-W.png Graphic file (type png)
<use images/L2_GAUS_LAX-W.png>
Package pdftex.def Info: images/L2_GAUS_LAX-W.png  used on input line 141.
(pdftex.def)             Requested size: 323.9978pt x 259.19917pt.
 [6 </Users/Federico/Documents/Corsi di studio/Università/Numerical Relativity/numerical_relativity_bicocca_2024_exercises/Homework_1/Report/images/IF_GAUS_LAX-W.png>] [7 </Users/Federico/Documents/Corsi di studio/Università/Numerical Relativity/numerical_relativity_bicocca_2024_exercises/Homework_1/Report/images/L2_GAUS_LAX-W.png>]
<images/IF_STEP_LAX-F.png, id=55, 722.7pt x 578.16pt>
File: images/IF_STEP_LAX-F.png Graphic file (type png)
<use images/IF_STEP_LAX-F.png>
Package pdftex.def Info: images/IF_STEP_LAX-F.png  used on input line 160.
(pdftex.def)             Requested size: 323.9978pt x 259.19917pt.
 [8 </Users/Federico/Documents/Corsi di studio/Università/Numerical Relativity/numerical_relativity_bicocca_2024_exercises/Homework_1/Report/images/IF_STEP_LAX-F.png>]
<images/IF_STEP_LAX-W.png, id=60, 722.7pt x 578.16pt>
File: images/IF_STEP_LAX-W.png Graphic file (type png)
<use images/IF_STEP_LAX-W.png>
Package pdftex.def Info: images/IF_STEP_LAX-W.png  used on input line 182.
(pdftex.def)             Requested size: 323.9978pt x 259.19917pt.
<images/L2_STEP_LAX-W.png, id=61, 722.7pt x 578.16pt>
File: images/L2_STEP_LAX-W.png Graphic file (type png)
<use images/L2_STEP_LAX-W.png>
Package pdftex.def Info: images/L2_STEP_LAX-W.png  used on input line 189.
(pdftex.def)             Requested size: 323.9978pt x 259.19917pt.
 [9 </Users/Federico/Documents/Corsi di studio/Università/Numerical Relativity/numerical_relativity_bicocca_2024_exercises/Homework_1/Report/images/IF_STEP_LAX-W.png>] [10 </Users/Federico/Documents/Corsi di studio/Università/Numerical Relativity/numerical_relativity_bicocca_2024_exercises/Homework_1/Report/images/L2_STEP_LAX-W.png>]
<images/IF_1001_UPWIND-FC.png, id=70, 722.7pt x 578.16pt>
File: images/IF_1001_UPWIND-FC.png Graphic file (type png)
<use images/IF_1001_UPWIND-FC.png>
Package pdftex.def Info: images/IF_1001_UPWIND-FC.png  used on input line 242.
(pdftex.def)             Requested size: 323.9978pt x 259.19917pt.
 [11]
<images/IF_UPWIND-FC.png, id=74, 722.7pt x 578.16pt>
File: images/IF_UPWIND-FC.png Graphic file (type png)
<use images/IF_UPWIND-FC.png>
Package pdftex.def Info: images/IF_UPWIND-FC.png  used on input line 249.
(pdftex.def)             Requested size: 323.9978pt x 259.19917pt.
 [12 </Users/Federico/Documents/Corsi di studio/Università/Numerical Relativity/numerical_relativity_bicocca_2024_exercises/Homework_1/Report/images/IF_1001_UPWIND-FC.png> </Users/Federico/Documents/Corsi di studio/Università/Numerical Relativity/numerical_relativity_bicocca_2024_exercises/Homework_1/Report/images/IF_UPWIND-FC.png>]
<images/IF_UPWIND-NFC.png, id=80, 722.7pt x 578.16pt>
File: images/IF_UPWIND-NFC.png Graphic file (type png)
<use images/IF_UPWIND-NFC.png>
Package pdftex.def Info: images/IF_UPWIND-NFC.png  used on input line 264.
(pdftex.def)             Requested size: 323.9978pt x 259.19917pt.
<images/IF_UPWIND_COMBINED.png, id=81, 722.7pt x 578.16pt>
File: images/IF_UPWIND_COMBINED.png Graphic file (type png)
<use images/IF_UPWIND_COMBINED.png>
Package pdftex.def Info: images/IF_UPWIND_COMBINED.png  used on input line 271.
(pdftex.def)             Requested size: 323.9978pt x 259.19917pt.
 [13 </Users/Federico/Documents/Corsi di studio/Università/Numerical Relativity/numerical_relativity_bicocca_2024_exercises/Homework_1/Report/images/IF_UPWIND-NFC.png>] [14 </Users/Federico/Documents/Corsi di studio/Università/Numerical Relativity/numerical_relativity_bicocca_2024_exercises/Homework_1/Report/images/IF_UPWIND_COMBINED.png>] (/Users/Federico/Documents/Corsi di studio/Università/Numerical Relativity/numerical_relativity_bicocca_2024_exercises/Homework_1/Report/Report_1.aux)
 ***********
LaTeX2e <2023-11-01> patch level 1
L3 programming layer <2024-05-08>
 ***********


LaTeX Font Warning: Some font shapes were not available, defaults substituted.

 ) 
Here is how much of TeX's memory you used:
 8815 strings out of 473993
 145298 string characters out of 5741034
 1935904 words of memory out of 5000000
 31180 multiletter control sequences out of 15000+600000
 565048 words of font info for 62 fonts, out of 8000000 for 9000
 1141 hyphenation exceptions out of 8191
 94i,6n,93p,2504b,416s stack positions out of 10000i,1000n,20000p,200000b,200000s
 </Users/Federico/Library/texlive/2024/texmf-var/fonts/pk/ljfour/public/bbm/bbm10.657pk></usr/local/texlive/2024/texmf-dist/fonts/type1/public/amsfonts/cm/cmbx10.pfb></usr/local/texlive/2024/texmf-dist/fonts/type1/public/amsfonts/cm/cmbx12.pfb></usr/local/texlive/2024/texmf-dist/fonts/type1/public/amsfonts/cm/cmex10.pfb></usr/local/texlive/2024/texmf-dist/fonts/type1/public/amsfonts/cm/cmmi10.pfb></usr/local/texlive/2024/texmf-dist/fonts/type1/public/amsfonts/cm/cmmi8.pfb></usr/local/texlive/2024/texmf-dist/fonts/type1/public/amsfonts/cm/cmr10.pfb></usr/local/texlive/2024/texmf-dist/fonts/type1/public/amsfonts/cm/cmr12.pfb></usr/local/texlive/2024/texmf-dist/fonts/type1/public/amsfonts/cm/cmr17.pfb></usr/local/texlive/2024/texmf-dist/fonts/type1/public/amsfonts/cm/cmr6.pfb></usr/local/texlive/2024/texmf-dist/fonts/type1/public/amsfonts/cm/cmr8.pfb></usr/local/texlive/2024/texmf-dist/fonts/type1/public/amsfonts/cm/cmsy10.pfb></usr/local/texlive/2024/texmf-dist/fonts/type1/public/amsfonts/cm/cmsy8.pfb></usr/local/texlive/2024/texmf-dist/fonts/type1/public/amsfonts/cm/cmti10.pfb></usr/local/texlive/2024/texmf-dist/fonts/type1/public/amsfonts/cm/cmtt10.pfb>
Output written on "/Users/Federico/Documents/Corsi di studio/Università/Numerical Relativity/numerical_relativity_bicocca_2024_exercises/Homework_1/Report/Report_1.pdf" (14 pages, 7519232 bytes).
PDF statistics:
 154 PDF objects out of 1000 (max. 8388607)
 80 compressed objects within 1 object stream
 0 named destinations out of 1000 (max. 500000)
 71 words of extra memory for PDF output out of 10000 (max. 10000000)

